<?xml version="1.0" encoding="UTF-8" ?>
<testsuite tests="2" failures="2" name="TestSuite" time="0.603" errors="0" skipped="0">
  <properties>
[...]
</properties>
  <testcase classname="com.muks.coberturawrk.test1.StudyGroupTest" name="testStudyGroupClass on testStudyGroupClass(com.muks.coberturawrk.test1.StudyGroupTest)" time="0.301">
    <failure message="net.sourceforge.cobertura.coveragedata.TouchCollector.registerClass(Ljava/lang/String;)V" type="java.lang.NoSuchMethodError">java.lang.NoSuchMethodError: net.sourceforge.cobertura.coveragedata.TouchCollector.registerClass(Ljava/lang/String;)V
	at com.muks.coberturawrk.Student.__cobertura_init(Student.java)
	at com.muks.coberturawrk.Student.&lt;clinit&gt;(Student.java)
	at com.muks.coberturawrk.test1.StudyGroupTest.testStudyGroupClass(StudyGroupTest.java:20)
</failure>
    <system-out>Configuring TestNG with: org.apache.maven.surefire.testng.conf.TestNG652Configurator@aec6354
Usage: &lt;main class&gt; [options] The XML suite files to run
  Options:
    -configfailurepolicy
       Configuration failure policy (skip or continue)
    -d
       Output directory
    -dataproviderthreadcount
       Number of threads to use when running data providers
    -excludegroups
       Comma-separated list of group names to  exclude
    -groups
       Comma-separated list of group names to be run
    -junit
       JUnit mode
       Default: false
    -listener
       List of .class files or list of class names implementing ITestListener or
       ISuiteListener
    -methods
       Comma separated of test methods
       Default: []
    -methodselectors
       List of .class files or list of class names implementing IMethodSelector
    -mixed
       Mixed mode - autodetect the type of current test and run it with
       appropriate runner
       Default: false
    -objectfactory
       List of .class files or list of class names implementing
       ITestRunnerFactory
    -parallel
       Parallel mode (methods, tests or classes)
       Possible Values: [tests, methods, classes, instances, none, true, false]
    -port
       The port
    -reporter
       Extended configuration for custom report listener
    -suitename
       Default name of test suite, if not specified in suite definition file or
       source code
    -suitethreadpoolsize
       Size of the thread pool to use to run suites
       Default: 1
    -testclass
       The list of test classes
    -testjar
       A jar file containing the tests
    -testname
       Default name of test, if not specified in suitedefinition file or source
       code
    -testnames
       The list of test names to run
    -testrunfactory, -testRunFactory
       The factory used to create tests
    -threadcount
       Number of threads to use when running tests in parallel
    -usedefaultlisteners
       Whether to use the default listeners
       Default: true
    -log, -verbose
       Level of verbosity
    -xmlpathinjar
       The full path to the xml file inside the jar file (only valid if -testjar
       was specified)
       Default: testng.xml

Configuring TestNG with: org.apache.maven.surefire.testng.conf.TestNG652Configurator@58ceff1
</system-out>
    <system-err>[TestNG] [ERROR] No test suite found. Nothing to run
</system-err>
  </testcase>
  <testcase classname="com.muks.coberturawrk.test2.StudyGrpTest" name="testStudyGroupClass on testStudyGroupClass(com.muks.coberturawrk.test2.StudyGrpTest)" time="0.302">
    <failure message="Could not initialize class com.muks.coberturawrk.Student" type="java.lang.NoClassDefFoundError">java.lang.NoClassDefFoundError: Could not initialize class com.muks.coberturawrk.Student
	at com.muks.coberturawrk.test2.StudyGrpTest.testStudyGroupClass(StudyGrpTest.java:21)
</failure>
  </testcase>
</testsuite>