<?xml version="1.0" encoding="UTF-8"?>
<!-- Generated by org.testng.reporters.JUnitXMLReporter -->
<testsuite hostname="EN-MuktharM" name="Command line test" tests="1" failures="1" timestamp="22 Jun 2016 16:43:42 GMT" time="0.024" errors="0">
  <testcase name="testStudyGroupClass on null(com.muks.coberturawrk.StudyGroupTest)" time="0.01" classname="com.muks.coberturawrk.StudyGroupTest">
    <failure type="java.lang.NoSuchMethodError" message="net.sourceforge.cobertura.coveragedata.TouchCollector.registerClass(Ljava/lang/String;)V">
      <![CDATA[java.lang.NoSuchMethodError: net.sourceforge.cobertura.coveragedata.TouchCollector.registerClass(Ljava/lang/String;)V
	at com.muks.coberturawrk.Student.__cobertura_init(Student.java)
	at com.muks.coberturawrk.Student.<clinit>(Student.java)
	at com.muks.coberturawrk.StudyGroupTest.testStudyGroupClass(StudyGroupTest.java:20)
... Removed 33 stack frames]]>
    </failure>
  </testcase> <!-- testStudyGroupClass on null(com.muks.coberturawrk.StudyGroupTest) -->
</testsuite> <!-- Command line test -->
